2025-09-17T07:43:35.557Z [INFO] Redis connected
2025-09-17T07:45:37.124Z [INFO] [INFO] Redis connected
2025-09-17T07:45:46.184Z [INFO] [INFO] Redis connected
2025-09-17T07:45:50.341Z [INFO] [INFO] Redis connected
2025-09-17T07:45:58.571Z [INFO] [INFO] Redis connected
2025-09-17T07:52:08.261Z [INFO] [INFO] Redis connected
2025-09-17T07:52:08.266Z [ERROR] [ERROR] Error occurred
2025-09-17T07:52:08.268Z [ERROR]     at file:///C:/Projects/backend/node-xp-system/src/server.js:35:31
    at ModuleJob.run (node:internal/modules/esm/module_job:343:25)
    at process.processTicksAndRejections (node:internal/process/task_queues:105:5)
    at async onImport.tracePromise.__proto__ (node:internal/modules/esm/loader:647:26)
    at async asyncRunEntryPointWithESMLoader (node:internal/modules/run_main:117:5)
2025-09-17T07:52:08.274Z [INFO] [API] API call
2025-09-17T07:52:08.275Z [WARN] [WARN] Operation
2025-09-17T07:52:08.276Z [WARN] [EXECUTION TIME] 0.61ms
2025-09-17T07:52:08.277Z [INFO] [INFO] Fetching data
2025-09-17T07:52:08.279Z [INFO] [EXECUTION TIME] 1.12ms
2025-09-17T07:52:09.288Z [INFO] [INFO] Data fetched
2025-09-17T07:52:11.481Z [INFO] [INFO] Redis connected
2025-09-17T07:52:11.483Z [ERROR] [ERROR] Error occurred
2025-09-17T07:52:11.485Z [ERROR]     at file:///C:/Projects/backend/node-xp-system/src/server.js:32:31
    at ModuleJob.run (node:internal/modules/esm/module_job:343:25)
    at process.processTicksAndRejections (node:internal/process/task_queues:105:5)
    at async onImport.tracePromise.__proto__ (node:internal/modules/esm/loader:647:26)
    at async asyncRunEntryPointWithESMLoader (node:internal/modules/run_main:117:5)
2025-09-17T07:52:11.486Z [INFO] [API] API call
2025-09-17T07:52:11.487Z [WARN] [WARN] Operation
2025-09-17T07:52:11.488Z [WARN] [EXECUTION TIME] 0.71ms
2025-09-17T07:52:11.488Z [INFO] [INFO] Fetching data
2025-09-17T07:52:11.489Z [INFO] [EXECUTION TIME] 0.41ms
2025-09-17T07:52:12.507Z [INFO] [INFO] Data fetched
2025-09-17T07:52:14.979Z [INFO] [INFO] Redis connected
2025-09-17T07:52:14.981Z [ERROR] [ERROR] Error occurred
2025-09-17T07:52:14.984Z [ERROR]     at file:///C:/Projects/backend/node-xp-system/src/server.js:30:31
    at ModuleJob.run (node:internal/modules/esm/module_job:343:25)
    at process.processTicksAndRejections (node:internal/process/task_queues:105:5)
    at async onImport.tracePromise.__proto__ (node:internal/modules/esm/loader:647:26)
    at async asyncRunEntryPointWithESMLoader (node:internal/modules/run_main:117:5)
2025-09-17T07:52:14.987Z [INFO] [API] API call
2025-09-17T07:52:14.989Z [WARN] [WARN] Operation
2025-09-17T07:52:14.993Z [WARN] [EXECUTION TIME] 4.10ms
2025-09-17T07:52:14.994Z [INFO] [INFO] Fetching data
2025-09-17T07:52:14.995Z [INFO] [EXECUTION TIME] 0.72ms
2025-09-17T07:52:16.004Z [INFO] [INFO] Data fetched
2025-09-17T07:53:08.023Z [INFO] [INFO] Redis connected
2025-09-17T07:53:08.027Z [ERROR] [ERROR] Error occurred
2025-09-17T07:53:08.030Z [ERROR]     at file:///C:/Projects/backend/node-xp-system/src/server.js:30:31
    at ModuleJob.run (node:internal/modules/esm/module_job:343:25)
    at process.processTicksAndRejections (node:internal/process/task_queues:105:5)
    at async onImport.tracePromise.__proto__ (node:internal/modules/esm/loader:647:26)
    at async asyncRunEntryPointWithESMLoader (node:internal/modules/run_main:117:5)
2025-09-17T07:53:08.032Z [INFO] [API] API call
2025-09-17T07:53:08.033Z [WARN] [WARN] Operation
2025-09-17T07:53:08.034Z [WARN] [EXECUTION TIME] 0.64ms
2025-09-17T07:53:08.035Z [INFO] [INFO] Fetching data
2025-09-17T07:53:08.036Z [INFO] [EXECUTION TIME] 0.61ms
2025-09-17T07:53:09.051Z [INFO] [INFO] Data fetched
2025-09-17T07:53:42.810Z [INFO] [INFO] Redis connected
2025-09-17T07:53:42.813Z [ERROR] [ERROR] Error occurred
2025-09-17T07:53:42.814Z [ERROR]     at file:///C:/Projects/backend/node-xp-system/src/server.js:30:31
    at ModuleJob.run (node:internal/modules/esm/module_job:343:25)
    at process.processTicksAndRejections (node:internal/process/task_queues:105:5)
    at async onImport.tracePromise.__proto__ (node:internal/modules/esm/loader:647:26)
    at async asyncRunEntryPointWithESMLoader (node:internal/modules/run_main:117:5)
2025-09-17T07:53:42.816Z [INFO] [API] API call
2025-09-17T07:53:42.816Z [WARN] [WARN] Operation
2025-09-17T07:53:42.817Z [WARN] [EXECUTION TIME] 0.55ms
2025-09-17T07:53:42.817Z [INFO] [INFO] Fetching data
2025-09-17T07:53:42.818Z [INFO] [EXECUTION TIME] 0.41ms
2025-09-17T07:53:43.833Z [INFO] [INFO] Data fetched
2025-09-17T07:57:04.174Z [INFO] [INFO] Redis connected
2025-09-17T07:57:04.177Z [ERROR] [ERROR] Error occurred
2025-09-17T07:57:04.181Z [ERROR]     at file:///C:/Projects/backend/node-xp-system/src/server.js:30:31
    at ModuleJob.run (node:internal/modules/esm/module_job:343:25)
    at process.processTicksAndRejections (node:internal/process/task_queues:105:5)
    at async onImport.tracePromise.__proto__ (node:internal/modules/esm/loader:647:26)
    at async asyncRunEntryPointWithESMLoader (node:internal/modules/run_main:117:5)
2025-09-17T07:57:04.184Z [INFO] [API] API call
2025-09-17T07:57:04.186Z [WARN] [WARN] Operation
2025-09-17T07:57:04.188Z [WARN] [EXECUTION TIME] 1.29ms
2025-09-17T07:57:04.188Z [INFO] [INFO] Fetching data
2025-09-17T07:57:04.189Z [INFO] [EXECUTION TIME] 0.60ms
2025-09-17T07:57:05.194Z [INFO] [INFO] Data fetched
2025-09-17T07:58:24.514Z [INFO] [INFO] Redis connected
2025-09-17T07:58:24.516Z [ERROR] [ERROR] Error occurred
2025-09-17T07:58:24.518Z [ERROR]     at file:///C:/Projects/backend/node-xp-system/src/server.js:30:31
    at ModuleJob.run (node:internal/modules/esm/module_job:343:25)
    at process.processTicksAndRejections (node:internal/process/task_queues:105:5)
    at async onImport.tracePromise.__proto__ (node:internal/modules/esm/loader:647:26)
    at async asyncRunEntryPointWithESMLoader (node:internal/modules/run_main:117:5)
2025-09-17T07:58:24.522Z [INFO] [API] API call
2025-09-17T07:58:24.523Z [WARN] [WARN] Operation
2025-09-17T07:58:24.525Z [WARN] [EXECUTION TIME] 0.76ms
2025-09-17T07:58:24.525Z [INFO] [INFO] Fetching data
2025-09-17T07:58:24.527Z [INFO] [EXECUTION TIME] 1.72ms
2025-09-17T07:58:54.587Z [INFO] [INFO] Redis connected
2025-09-17T07:59:35.650Z [INFO] [INFO] Server is running on port 3000 :]
2025-09-17T07:59:35.680Z [INFO] [INFO] Redis connected
2025-09-17T07:59:58.835Z [INFO] [INFO] Server is running on port 3000 :]
2025-09-17T07:59:58.927Z [INFO] [INFO] Redis connected
2025-09-17T08:00:07.729Z [INFO] [INFO] Server is running on port 3000 :]
2025-09-17T08:00:07.766Z [INFO] [INFO] Redis connected
2025-09-17T08:01:51.827Z [INFO] [INFO] Server is running on port 3000 :]
2025-09-17T08:01:51.848Z [INFO] [INFO] Redis connected
2025-09-17T08:02:09.620Z [INFO] [INFO] Server is running on port 3000 :]
2025-09-17T08:02:09.643Z [INFO] [INFO] Redis connected
2025-09-17T08:02:09.665Z [INFO] [INFO] Database is connected and ready to use
2025-09-17T08:03:55.248Z [INFO] [INFO] Server is running on port 3000 :]
2025-09-17T08:03:55.304Z [INFO] [INFO] Database is connected and ready to use
2025-09-17T08:03:55.317Z [INFO] [INFO] Redis connected
2025-09-17T08:04:19.268Z [INFO] [INFO] Server is running on port 3000 :]
2025-09-17T08:04:19.296Z [INFO] [INFO] Redis connected
2025-09-17T08:04:19.313Z [INFO] [INFO] Database is connected and ready to use
2025-09-17T08:05:39.810Z [INFO] [INFO] Server is running on port 3000 :]
2025-09-17T08:05:39.829Z [INFO] [INFO] Redis connected
2025-09-17T08:05:39.846Z [INFO] [INFO] Database is connected and ready to use
2025-09-17T08:05:59.713Z [INFO] [INFO] Server is running on port 3000 :]
2025-09-17T08:05:59.739Z [INFO] [INFO] Redis connected
2025-09-17T08:05:59.759Z [INFO] [INFO] Database is connected and ready to use
2025-09-17T08:06:57.811Z [INFO] [INFO] Server is running on port 3000 :]
2025-09-17T08:06:57.832Z [ERROR] [ERROR] Redis connected
2025-09-17T08:06:57.834Z [ERROR]     at file:///C:/Projects/backend/node-xp-system/src/server.js:22:60
    at process.processTicksAndRejections (node:internal/process/task_queues:105:5)
2025-09-17T08:06:57.852Z [INFO] [INFO] Database is connected and ready to use
2025-09-17T08:07:37.378Z [INFO] Server is running on port 3000 :]
2025-09-17T08:07:37.400Z [ERROR] Redis connected
2025-09-17T08:07:37.401Z [ERROR]     at file:///C:/Projects/backend/node-xp-system/src/server.js:22:60
    at process.processTicksAndRejections (node:internal/process/task_queues:105:5)
2025-09-17T08:07:37.421Z [INFO] Database is connected and ready to use
2025-09-17T08:08:02.897Z [ERROR] Redis connected
2025-09-17T08:08:02.898Z [ERROR]     at file:///C:/Projects/backend/node-xp-system/src/server.js:22:60
    at process.processTicksAndRejections (node:internal/process/task_queues:105:5)
2025-09-17T08:08:02.910Z [INFO] Database is connected and ready to use
2025-09-17T08:08:17.037Z [INFO] Server is running on port 3000 :]
2025-09-17T08:08:17.066Z [ERROR] Redis connected
2025-09-17T08:08:17.067Z [ERROR]     at file:///C:/Projects/backend/node-xp-system/src/server.js:22:60
    at process.processTicksAndRejections (node:internal/process/task_queues:105:5)
2025-09-17T08:08:17.082Z [INFO] Database is connected and ready to use
2025-09-17T08:08:28.708Z [INFO] Server is running on port 3000 :]
2025-09-17T08:08:28.738Z [ERROR] Redis connected
2025-09-17T08:08:28.741Z [ERROR]     at file:///C:/Projects/backend/node-xp-system/src/server.js:22:60
    at process.processTicksAndRejections (node:internal/process/task_queues:105:5)
2025-09-17T08:08:28.762Z [INFO] Database is connected and ready to use
2025-09-17T08:08:35.291Z [INFO] Server is running on port 3000 :]
2025-09-17T08:08:35.335Z [INFO] Redis connected
2025-09-17T08:08:35.375Z [INFO] Database is connected and ready to use
2025-09-17T08:10:21.774Z [INFO] Server is running on port 3000 :]
2025-09-17T08:10:24.240Z [INFO] Server is running on port 3000 :]
2025-09-17T08:10:24.269Z [INFO] Redis connected
2025-09-17T08:10:24.295Z [INFO] Database is connected and ready to use
2025-09-17T08:10:29.054Z [INFO] Server is running on port 3000 :]
2025-09-17T08:10:29.081Z [INFO] Redis connected
2025-09-17T08:10:29.100Z [INFO] Database is connected and ready to use
2025-09-17T08:10:34.445Z [INFO] Server is running on port 3000 :]
2025-09-17T08:10:34.472Z [INFO] Redis connected
2025-09-17T08:10:34.489Z [INFO] Database is connected and ready to use
2025-09-17T08:10:37.298Z [INFO] Server is running on port 3000 :]
2025-09-17T08:10:37.321Z [INFO] Redis connected
2025-09-17T08:10:37.339Z [INFO] Database is connected and ready to use
2025-09-17T08:10:40.172Z [INFO] Server is running on port 3000 :]
2025-09-17T08:10:40.195Z [INFO] Redis connected
2025-09-17T08:10:40.209Z [INFO] Database is connected and ready to use
2025-09-17T08:10:46.447Z [INFO] Server is running on port 3000 :]
2025-09-17T08:10:46.469Z [INFO] Redis connected
2025-09-17T08:10:46.488Z [INFO] Database is connected and ready to use
2025-09-17T08:10:54.864Z [INFO] Server is running on port 3000 :]
2025-09-17T08:10:54.885Z [INFO] Redis connected
2025-09-17T08:10:54.902Z [INFO] Database is connected and ready to use
2025-09-17T08:10:58.583Z [INFO] Server is running on port 3000 :]
2025-09-17T08:10:58.601Z [INFO] Redis connected
2025-09-17T08:10:58.615Z [INFO] Database is connected and ready to use
2025-09-17T08:11:16.229Z [INFO] Server is running on port 3000 :]
2025-09-17T08:11:16.251Z [INFO] Redis connected
2025-09-17T08:11:16.270Z [INFO] Database is connected and ready to use
2025-09-17T08:11:41.675Z [INFO] Server is running on port 3000 :]
2025-09-17T08:11:41.700Z [INFO] Redis connected
2025-09-17T08:11:41.714Z [INFO] Database is connected and ready to use
2025-09-17T08:50:01.897Z [INFO] Server is running on port 3000 :]
2025-09-17T08:50:01.923Z [INFO] Redis connected
2025-09-17T08:50:01.939Z [INFO] Database is connected and ready to use
2025-09-17T08:51:18.734Z [INFO] Server is running on port 3000 :]
2025-09-17T08:51:18.752Z [INFO] Redis connected
2025-09-17T08:51:18.768Z [INFO] Database is connected and ready to use
2025-09-17T08:52:11.332Z [INFO] Server is running on port 3000 :]
2025-09-17T08:52:11.361Z [INFO] Redis connected
2025-09-17T08:52:11.383Z [INFO] Database is connected and ready to use
2025-09-17T08:52:19.479Z [INFO] Server is running on port 3000 :]
2025-09-17T08:52:19.500Z [INFO] Redis connected
2025-09-17T08:52:19.519Z [INFO] Database is connected and ready to use
2025-09-17T09:01:51.826Z [INFO] Server is running on port 3000 :]
2025-09-17T09:01:51.850Z [INFO] Redis connected
2025-09-17T09:01:51.870Z [INFO] Database is connected and ready to use
2025-09-17T10:51:17.219Z [INFO] Server is running on port 3000 :]
2025-09-17T10:52:17.025Z [INFO] Server is running on port 3000 :]
2025-09-17T10:52:17.047Z [INFO] Redis connected
2025-09-17T10:52:17.063Z [INFO] Database is connected and ready to use
2025-09-17T10:53:13.749Z [INFO] Server is running on port 3000 :]
2025-09-17T10:53:13.770Z [INFO] Redis connected
2025-09-17T10:53:13.796Z [INFO] Database is connected and ready to use
2025-09-17T10:53:17.959Z [INFO] Server is running on port 3000 :]
2025-09-17T10:53:17.991Z [INFO] Redis connected
2025-09-17T10:53:18.008Z [INFO] Database is connected and ready to use
2025-09-17T10:53:25.155Z [INFO] Server is running on port 3000 :]
2025-09-17T10:53:25.182Z [INFO] Redis connected
2025-09-17T10:53:25.209Z [INFO] Database is connected and ready to use
2025-09-17T10:53:27.561Z [INFO] Server is running on port 3000 :]
2025-09-17T10:53:27.583Z [INFO] Redis connected
2025-09-17T10:53:27.597Z [INFO] Database is connected and ready to use
2025-09-17T10:53:40.639Z [INFO] Server is running on port 3000 :]
2025-09-17T10:53:40.664Z [INFO] Redis connected
2025-09-17T10:53:40.678Z [INFO] Database is connected and ready to use
2025-09-17T10:53:47.020Z [INFO] Server is running on port 3000 :]
2025-09-17T10:53:47.067Z [INFO] Redis connected
2025-09-17T10:53:47.082Z [INFO] Database is connected and ready to use
2025-09-17T10:53:50.021Z [INFO] Server is running on port 3000 :]
2025-09-17T10:53:50.047Z [INFO] Redis connected
2025-09-17T10:53:50.069Z [INFO] Database is connected and ready to use
2025-09-17T10:53:53.723Z [INFO] Server is running on port 3000 :]
2025-09-17T10:53:53.752Z [INFO] Redis connected
2025-09-17T10:53:53.772Z [INFO] Database is connected and ready to use
2025-09-17T10:53:59.343Z [INFO] Server is running on port 3000 :]
2025-09-17T10:53:59.367Z [INFO] Redis connected
2025-09-17T10:53:59.382Z [INFO] Database is connected and ready to use
